<testsuites name="VSCode Extension Tests">
  <testsuite name="vscode extension :: integration tests" tests="3" errors="0" failures="0" skipped="0" timestamp="2019-08-23T19:34:36" time="1.54">
    <testcase classname="VSCode Extension Tests.vscode extension :: integration tests" name="open text file" time="0.144">
    </testcase>
    <testcase classname="VSCode Extension Tests.vscode extension :: integration tests" name="open custom editor" time="0.571">
    </testcase>
    <testcase classname="VSCode Extension Tests.vscode extension :: integration tests" name="reopen custom editor" time="0.684">
    </testcase>
  </testsuite>
</testsuites>